2025-05-01 10:51:35,129 - INFO: 开始环境验证...
2025-05-01 10:51:36,569 - INFO: GPU显存总量: 4.00 GB
2025-05-01 10:51:36,569 - INFO: 初始化模型...
2025-05-01 10:51:36,603 - INFO: 启动训练，设备: GPU
2025-05-01 11:00:26,666 - INFO: 
--- 训练完成 ---
2025-05-01 11:00:26,668 - INFO: 最佳模型保存路径: runs\detect\train
2025-05-01 11:00:26,668 - INFO: 验证集mAP50: 0.825
2025-05-01 11:00:26,670 - INFO: 显存已清理
2025-05-01 11:00:26,687 - INFO: 脚本执行结束
2025-05-01 12:50:26,955 - INFO: 开始环境验证...
2025-05-01 12:50:28,412 - INFO: GPU显存总量: 4.00 GB
2025-05-01 12:50:28,412 - INFO: 初始化模型...
2025-05-01 12:50:28,446 - INFO: 启动训练，设备: GPU
2025-05-01 16:50:16,087 - INFO: 
--- 训练完成 ---
2025-05-01 16:50:16,087 - INFO: 最佳模型保存路径: runs\detect\train2
2025-05-01 16:50:16,087 - INFO: 验证集mAP50: 0.906
2025-05-01 16:50:16,092 - INFO: 显存已清理
2025-05-01 16:50:16,103 - INFO: 脚本执行结束
